<?xml version="1.0" encoding="UTF-8"?>
<!-- Generated by org.testng.reporters.JUnitXMLReporter -->
<testsuite hostname="DESKTOP-LLLGMOJ" ignored="2" name="testing" tests="3" failures="0" timestamp="2021-10-14T20:57:56 IST" time="0.077" errors="0">
  <testcase name="testCaseFour" time="0.008" classname="testngsamples.GroupExamples"/>
  <testcase name="testCaseOne" time="0.002" classname="testngsamples.GroupExamples"/>
  <testcase name="testCaseTwo" time="0.005" classname="testngsamples.GroupExamples"/>
  <testcase name="testCaseThree" time="0.0" classname="testngsamples.GroupExamples">
    <ignored/>
  </testcase> <!-- testCaseThree -->
  <testcase name="testCaseFive" time="0.0" classname="testngsamples.GroupExamples">
    <ignored/>
  </testcase> <!-- testCaseFive -->
</testsuite> <!-- testing -->
