<?xml version="1.0" encoding="UTF-8"?>
<!-- Generated by org.testng.reporters.JUnitXMLReporter -->
<testsuite hostname="DESKTOP-LLLGMOJ" ignored="0" name="Test 1" tests="4" failures="0" timestamp="2021-10-14T21:05:33 IST" time="0.087" errors="0">
  <testcase name="testCaseOne" time="0.013" classname="testngsamples.TestParallelClassTwo"/>
  <testcase name="testCaseOne" time="0.014" classname="testngsamples.TestParallelClassOne"/>
  <testcase name="testCaseTwo" time="0.001" classname="testngsamples.TestParallelClassTwo"/>
  <testcase name="testCaseTwo" time="0.007" classname="testngsamples.TestParallelClassOne"/>
</testsuite> <!-- Test 1 -->
