<?xml version="1.0" encoding="UTF-8"?>
<testng-results skipped="0" failed="0" ignored="0" total="7" passed="7">
  <reporter-output>
  </reporter-output>
  <suite name="Default suite" duration-ms="87795" started-at="2021-10-27T21:27:33 IST" finished-at="2021-10-27T21:29:01 IST">
    <groups>
      <group name="cucumber">
        <method signature="AbstractTestNGCucumberTests.runScenario(cucumber.api.testng.PickleEventWrapper,cucumber.api.testng.CucumberFeatureWrapper)[pri:0, instance:runner.TestRunner@7a30d1e6]" name="runScenario" class="cucumber.api.testng.AbstractTestNGCucumberTests"/>
      </group> <!-- cucumber -->
    </groups>
    <test name="Default test" duration-ms="87795" started-at="2021-10-27T21:27:33 IST" finished-at="2021-10-27T21:29:01 IST">
      <class name="runner.TestRunner">
        <test-method status="PASS" signature="setUpClass()[pri:0, instance:runner.TestRunner@7a30d1e6]" name="setUpClass" is-config="true" duration-ms="142" started-at="2021-10-27T21:27:33 IST" finished-at="2021-10-27T21:27:33 IST">
          <reporter-output>
          </reporter-output>
        </test-method> <!-- setUpClass -->
        <test-method status="PASS" signature="runScenario(cucumber.api.testng.PickleEventWrapper,cucumber.api.testng.CucumberFeatureWrapper)[pri:0, instance:runner.TestRunner@7a30d1e6]" name="runScenario" duration-ms="17728" started-at="2021-10-27T21:27:33 IST" description="Runs Cucumber Scenarios" data-provider="scenarios" finished-at="2021-10-27T21:27:51 IST">
          <params>
            <param index="0">
              <value>
                <![CDATA["Testing actitime login functionality for valid user"]]>
              </value>
            </param>
            <param index="1">
              <value>
                <![CDATA["Testing actitime application"]]>
              </value>
            </param>
          </params>
          <reporter-output>
          </reporter-output>
        </test-method> <!-- runScenario -->
        <test-method status="PASS" signature="runScenario(cucumber.api.testng.PickleEventWrapper,cucumber.api.testng.CucumberFeatureWrapper)[pri:0, instance:runner.TestRunner@7a30d1e6]" name="runScenario" duration-ms="16010" started-at="2021-10-27T21:27:51 IST" description="Runs Cucumber Scenarios" data-provider="scenarios" finished-at="2021-10-27T21:28:07 IST">
          <params>
            <param index="0">
              <value>
                <![CDATA["Testing actitime login functionality for valid admin manager"]]>
              </value>
            </param>
            <param index="1">
              <value>
                <![CDATA["Testing actitime application"]]>
              </value>
            </param>
          </params>
          <reporter-output>
          </reporter-output>
        </test-method> <!-- runScenario -->
        <test-method status="PASS" signature="runScenario(cucumber.api.testng.PickleEventWrapper,cucumber.api.testng.CucumberFeatureWrapper)[pri:0, instance:runner.TestRunner@7a30d1e6]" name="runScenario" duration-ms="13231" started-at="2021-10-27T21:28:07 IST" description="Runs Cucumber Scenarios" data-provider="scenarios" finished-at="2021-10-27T21:28:20 IST">
          <params>
            <param index="0">
              <value>
                <![CDATA["Testing actitime login functionality for invalid admin12 manager"]]>
              </value>
            </param>
            <param index="1">
              <value>
                <![CDATA["Testing actitime application"]]>
              </value>
            </param>
          </params>
          <reporter-output>
          </reporter-output>
        </test-method> <!-- runScenario -->
        <test-method status="PASS" signature="runScenario(cucumber.api.testng.PickleEventWrapper,cucumber.api.testng.CucumberFeatureWrapper)[pri:0, instance:runner.TestRunner@7a30d1e6]" name="runScenario" duration-ms="13312" started-at="2021-10-27T21:28:20 IST" description="Runs Cucumber Scenarios" data-provider="scenarios" finished-at="2021-10-27T21:28:34 IST">
          <params>
            <param index="0">
              <value>
                <![CDATA["Testing actitime login functionality for invalid admin manager23"]]>
              </value>
            </param>
            <param index="1">
              <value>
                <![CDATA["Testing actitime application"]]>
              </value>
            </param>
          </params>
          <reporter-output>
          </reporter-output>
        </test-method> <!-- runScenario -->
        <test-method status="PASS" signature="runScenario(cucumber.api.testng.PickleEventWrapper,cucumber.api.testng.CucumberFeatureWrapper)[pri:0, instance:runner.TestRunner@7a30d1e6]" name="runScenario" duration-ms="8744" started-at="2021-10-27T21:28:34 IST" description="Runs Cucumber Scenarios" data-provider="scenarios" finished-at="2021-10-27T21:28:42 IST">
          <params>
            <param index="0">
              <value>
                <![CDATA["Search 'selenium interview questions' in Google"]]>
              </value>
            </param>
            <param index="1">
              <value>
                <![CDATA["Perform Google Search based on requirement"]]>
              </value>
            </param>
          </params>
          <reporter-output>
          </reporter-output>
        </test-method> <!-- runScenario -->
        <test-method status="PASS" signature="runScenario(cucumber.api.testng.PickleEventWrapper,cucumber.api.testng.CucumberFeatureWrapper)[pri:0, instance:runner.TestRunner@7a30d1e6]" name="runScenario" duration-ms="8749" started-at="2021-10-27T21:28:42 IST" description="Runs Cucumber Scenarios" data-provider="scenarios" finished-at="2021-10-27T21:28:51 IST">
          <params>
            <param index="0">
              <value>
                <![CDATA["Search Selenium 3.0 in Google search page"]]>
              </value>
            </param>
            <param index="1">
              <value>
                <![CDATA["Perform Google Search based on requirement"]]>
              </value>
            </param>
          </params>
          <reporter-output>
          </reporter-output>
        </test-method> <!-- runScenario -->
        <test-method status="PASS" signature="runScenario(cucumber.api.testng.PickleEventWrapper,cucumber.api.testng.CucumberFeatureWrapper)[pri:0, instance:runner.TestRunner@7a30d1e6]" name="runScenario" duration-ms="9702" started-at="2021-10-27T21:28:51 IST" description="Runs Cucumber Scenarios" data-provider="scenarios" finished-at="2021-10-27T21:29:01 IST">
          <params>
            <param index="0">
              <value>
                <![CDATA["Search Selenium 4.0 in Google search page"]]>
              </value>
            </param>
            <param index="1">
              <value>
                <![CDATA["Perform Google Search based on requirement"]]>
              </value>
            </param>
          </params>
          <reporter-output>
          </reporter-output>
        </test-method> <!-- runScenario -->
        <test-method status="PASS" signature="tearDownClass()[pri:0, instance:runner.TestRunner@7a30d1e6]" name="tearDownClass" is-config="true" duration-ms="57" started-at="2021-10-27T21:29:01 IST" finished-at="2021-10-27T21:29:01 IST">
          <reporter-output>
          </reporter-output>
        </test-method> <!-- tearDownClass -->
      </class> <!-- runner.TestRunner -->
    </test> <!-- Default test -->
  </suite> <!-- Default suite -->
</testng-results>
