<?xml version="1.0" encoding="UTF-8"?>
<!-- Generated by org.testng.reporters.JUnitXMLReporter -->
<testsuite hostname="DESKTOP-LLLGMOJ" ignored="0" name="Default test" tests="2" failures="0" timestamp="2021-10-26T21:14:20 IST" time="11.207" errors="0">
  <testcase name="navigate_to_homepage_click_on_getstarted" time="3.238" classname="testscripts.BrowserStackSetup"/>
  <testcase name="enter_userDetails" time="0.551" classname="testscripts.BrowserStackSetup"/>
</testsuite> <!-- Default test -->
