<?xml version="1.0" encoding="UTF-8"?>
<!-- Generated by org.testng.reporters.JUnitXMLReporter -->
<testsuite hostname="DESKTOP-LLLGMOJ" ignored="0" name="Test" tests="4" failures="0" timestamp="2021-10-14T20:52:35 IST" time="0.064" errors="0">
  <testcase name="compose" time="0.007" classname="testngsamples.Sample3"/>
  <testcase name="login" time="0.003" classname="testngsamples.Sample3"/>
  <testcase name="signUp" time="0.002" classname="testngsamples.Sample3"/>
  <testcase name="testCase1" time="0.002" classname="testngsamples.Sample1"/>
</testsuite> <!-- Test -->
