<?xml version="1.0" encoding="UTF-8"?>
<!-- Generated by org.testng.reporters.JUnitXMLReporter -->
<testsuite hostname="DESKTOP-LLLGMOJ" ignored="0" name="Testing Parameterization" tests="4" failures="0" timestamp="2021-10-18T20:23:20 IST" time="11.203" errors="0">
  <testcase name="testCaseOne" time="0.009" classname="testngsamples.Parameterization"/>
  <testcase name="testCaseThree" time="0.002" classname="testngsamples.Parameterization"/>
  <testcase name="testCaseTwo" time="0.005" classname="testngsamples.Parameterization"/>
  <testcase name="testLoginOfVtiger" time="11.132" classname="testngsamples.Parameterization"/>
</testsuite> <!-- Testing Parameterization -->
